2025-09-21T23:39:54.169554+00:00 INFO 'ansible_navigator.setup_logger' New ansible-navigator instance, logging initialized
2025-09-21T23:39:54.170692+00:00 INFO 'ansible_navigator.setup_logger' New ansible-runner instance, logging initialized
2025-09-21T23:39:54.170726+00:00 DEBUG 'ansible_navigator.main' MarkupSafe==2.1.5 
2025-09-21T23:39:54.170741+00:00 DEBUG 'ansible_navigator.main' Parsley==1.3 
2025-09-21T23:39:54.170755+00:00 DEBUG 'ansible_navigator.main' PyYAML==6.0.2 
2025-09-21T23:39:54.170767+00:00 DEBUG 'ansible_navigator.main' ansible-builder==3.1.0 
2025-09-21T23:39:54.170778+00:00 DEBUG 'ansible_navigator.main' ansible-compat==25.8.1 
2025-09-21T23:39:54.170794+00:00 DEBUG 'ansible_navigator.main' ansible-core==2.16.14 
2025-09-21T23:39:54.170816+00:00 DEBUG 'ansible_navigator.main' ansible-lint==25.9.0 
2025-09-21T23:39:54.170832+00:00 DEBUG 'ansible_navigator.main' ansible-navigator==25.9.0 
2025-09-21T23:39:54.170843+00:00 DEBUG 'ansible_navigator.main' ansible-runner==2.4.1 
2025-09-21T23:39:54.170851+00:00 DEBUG 'ansible_navigator.main' attrs==25.3.0 /usr/local/lib/python3.11/site-packages/attrs/__init__.py
2025-09-21T23:39:54.170860+00:00 DEBUG 'ansible_navigator.main' bindep==2.13.0 /usr/local/lib/python3.11/site-packages/bindep/__init__.py
2025-09-21T23:39:54.170867+00:00 DEBUG 'ansible_navigator.main' black==25.9.0 /usr/local/lib64/python3.11/site-packages/black/__init__.cpython-311-x86_64-linux-gnu.so
2025-09-21T23:39:54.170875+00:00 DEBUG 'ansible_navigator.main' bracex==2.6 /usr/local/lib/python3.11/site-packages/bracex/__init__.py
2025-09-21T23:39:54.170882+00:00 DEBUG 'ansible_navigator.main' cachetools==5.5.2 /usr/local/lib/python3.11/site-packages/cachetools/__init__.py
2025-09-21T23:39:54.170890+00:00 DEBUG 'ansible_navigator.main' certifi==2025.8.3 /usr/local/lib/python3.11/site-packages/certifi/__init__.py
2025-09-21T23:39:54.170897+00:00 DEBUG 'ansible_navigator.main' cffi==2.0.0 /usr/local/lib64/python3.11/site-packages/cffi/__init__.py
2025-09-21T23:39:54.170905+00:00 DEBUG 'ansible_navigator.main' charset-normalizer==3.4.3 
2025-09-21T23:39:54.170913+00:00 DEBUG 'ansible_navigator.main' click==8.3.0 /usr/local/lib/python3.11/site-packages/click/__init__.py
2025-09-21T23:39:54.170920+00:00 DEBUG 'ansible_navigator.main' cryptography==42.0.5 /usr/lib64/python3.11/site-packages/cryptography/__init__.py
2025-09-21T23:39:54.170927+00:00 DEBUG 'ansible_navigator.main' distro==1.9.0 /usr/local/lib/python3.11/site-packages/distro/__init__.py
2025-09-21T23:39:54.170934+00:00 DEBUG 'ansible_navigator.main' durationpy==0.10 /usr/local/lib/python3.11/site-packages/durationpy/__init__.py
2025-09-21T23:39:54.170942+00:00 DEBUG 'ansible_navigator.main' filelock==3.19.1 /usr/local/lib/python3.11/site-packages/filelock/__init__.py
2025-09-21T23:39:54.170949+00:00 DEBUG 'ansible_navigator.main' google-auth==2.40.3 
2025-09-21T23:39:54.170957+00:00 DEBUG 'ansible_navigator.main' idna==3.10 /usr/local/lib/python3.11/site-packages/idna/__init__.py
2025-09-21T23:39:54.170964+00:00 DEBUG 'ansible_navigator.main' importlib_metadata==8.7.0 /usr/local/lib/python3.11/site-packages/importlib_metadata/__init__.py
2025-09-21T23:39:54.170971+00:00 DEBUG 'ansible_navigator.main' jsonschema-specifications==2025.9.1 
2025-09-21T23:39:54.170979+00:00 DEBUG 'ansible_navigator.main' jsonschema==4.25.1 /usr/local/lib/python3.11/site-packages/jsonschema/__init__.py
2025-09-21T23:39:54.170986+00:00 DEBUG 'ansible_navigator.main' kubernetes==33.1.0 /usr/local/lib/python3.11/site-packages/kubernetes/__init__.py
2025-09-21T23:39:54.170993+00:00 DEBUG 'ansible_navigator.main' lockfile==0.12.2 /usr/local/lib/python3.11/site-packages/lockfile/__init__.py
2025-09-21T23:39:54.171000+00:00 DEBUG 'ansible_navigator.main' mypy_extensions==1.1.0 /usr/local/lib/python3.11/site-packages/mypy_extensions.py
2025-09-21T23:39:54.171007+00:00 DEBUG 'ansible_navigator.main' oauthlib==3.3.1 /usr/local/lib/python3.11/site-packages/oauthlib/__init__.py
2025-09-21T23:39:54.171015+00:00 DEBUG 'ansible_navigator.main' onigurumacffi==1.4.1 /usr/local/lib64/python3.11/site-packages/onigurumacffi.py
2025-09-21T23:39:54.171027+00:00 DEBUG 'ansible_navigator.main' openshift==0.13.2 /usr/local/lib/python3.11/site-packages/openshift/__init__.py
2025-09-21T23:39:54.171036+00:00 DEBUG 'ansible_navigator.main' pathspec==0.12.1 /usr/local/lib/python3.11/site-packages/pathspec/__init__.py
2025-09-21T23:39:54.171044+00:00 DEBUG 'ansible_navigator.main' pbr==7.0.1 /usr/local/lib/python3.11/site-packages/pbr/__init__.py
2025-09-21T23:39:54.171051+00:00 DEBUG 'ansible_navigator.main' pexpect==4.9.0 /usr/local/lib/python3.11/site-packages/pexpect/__init__.py
2025-09-21T23:39:54.171063+00:00 DEBUG 'ansible_navigator.main' pip==25.2 /usr/local/lib/python3.11/site-packages/pip/__init__.py
2025-09-21T23:39:54.171073+00:00 DEBUG 'ansible_navigator.main' platformdirs==4.4.0 /usr/local/lib/python3.11/site-packages/platformdirs/__init__.py
2025-09-21T23:39:54.171081+00:00 DEBUG 'ansible_navigator.main' ply==3.11 /usr/lib/python3.11/site-packages/ply/__init__.py
2025-09-21T23:39:54.171088+00:00 DEBUG 'ansible_navigator.main' ptyprocess==0.7.0 /usr/local/lib/python3.11/site-packages/ptyprocess/__init__.py
2025-09-21T23:39:54.171095+00:00 DEBUG 'ansible_navigator.main' pyasn1==0.6.1 /usr/local/lib/python3.11/site-packages/pyasn1/__init__.py
2025-09-21T23:39:54.171103+00:00 DEBUG 'ansible_navigator.main' pyasn1_modules==0.4.2 /usr/local/lib/python3.11/site-packages/pyasn1_modules/__init__.py
2025-09-21T23:39:54.171110+00:00 DEBUG 'ansible_navigator.main' pycparser==2.20 /usr/lib/python3.11/site-packages/pycparser/__init__.py
2025-09-21T23:39:54.171117+00:00 DEBUG 'ansible_navigator.main' python-daemon==3.1.2 
2025-09-21T23:39:54.171124+00:00 DEBUG 'ansible_navigator.main' python-dateutil==2.9.0.post0 
2025-09-21T23:39:54.171131+00:00 DEBUG 'ansible_navigator.main' python-string-utils==1.0.0 
2025-09-21T23:39:54.171139+00:00 DEBUG 'ansible_navigator.main' pytokens==0.1.10 /usr/local/lib/python3.11/site-packages/pytokens/__init__.py
2025-09-21T23:39:54.171146+00:00 DEBUG 'ansible_navigator.main' referencing==0.36.2 /usr/local/lib/python3.11/site-packages/referencing/__init__.py
2025-09-21T23:39:54.171153+00:00 DEBUG 'ansible_navigator.main' requests-oauthlib==2.0.0 
2025-09-21T23:39:54.171160+00:00 DEBUG 'ansible_navigator.main' requests==2.32.5 /usr/local/lib/python3.11/site-packages/requests/__init__.py
2025-09-21T23:39:54.171167+00:00 DEBUG 'ansible_navigator.main' resolvelib==1.0.1 /usr/lib/python3.11/site-packages/resolvelib/__init__.py
2025-09-21T23:39:54.171174+00:00 DEBUG 'ansible_navigator.main' rpds-py==0.27.1 
2025-09-21T23:39:54.171181+00:00 DEBUG 'ansible_navigator.main' rsa==4.9.1 /usr/local/lib/python3.11/site-packages/rsa/__init__.py
2025-09-21T23:39:54.171189+00:00 DEBUG 'ansible_navigator.main' ruamel.yaml.clib==0.2.12 
2025-09-21T23:39:54.171196+00:00 DEBUG 'ansible_navigator.main' ruamel.yaml==0.18.15 /usr/local/lib/python3.11/site-packages/ruamel/yaml/__init__.py
2025-09-21T23:39:54.171204+00:00 DEBUG 'ansible_navigator.main' setuptools==65.5.1 /usr/local/lib/python3.11/site-packages/setuptools/__init__.py
2025-09-21T23:39:54.171211+00:00 DEBUG 'ansible_navigator.main' six==1.17.0 /usr/local/lib/python3.11/site-packages/six.py
2025-09-21T23:39:54.171219+00:00 DEBUG 'ansible_navigator.main' subprocess-tee==0.4.2 
2025-09-21T23:39:54.171226+00:00 DEBUG 'ansible_navigator.main' typing_extensions==4.15.0 /usr/local/lib/python3.11/site-packages/typing_extensions.py
2025-09-21T23:39:54.171234+00:00 DEBUG 'ansible_navigator.main' tzdata==2025.2 /usr/local/lib/python3.11/site-packages/tzdata/__init__.py
2025-09-21T23:39:54.171241+00:00 DEBUG 'ansible_navigator.main' urllib3==2.5.0 /usr/local/lib/python3.11/site-packages/urllib3/__init__.py
2025-09-21T23:39:54.171249+00:00 DEBUG 'ansible_navigator.main' wcmatch==10.1 /usr/local/lib/python3.11/site-packages/wcmatch/__init__.py
2025-09-21T23:39:54.171257+00:00 DEBUG 'ansible_navigator.main' websocket-client==1.8.0 
2025-09-21T23:39:54.171265+00:00 DEBUG 'ansible_navigator.main' yamllint==1.37.1 /usr/local/lib/python3.11/site-packages/yamllint/__init__.py
2025-09-21T23:39:54.171274+00:00 DEBUG 'ansible_navigator.main' zipp==3.23.0 /usr/local/lib/python3.11/site-packages/zipp/__init__.py
2025-09-21T23:39:54.171281+00:00 DEBUG 'ansible_navigator.main' Default collection_doc_cache_path set to: /root/.cache/ansible-navigator/collection_doc_cache.db
2025-09-21T23:39:54.171288+00:00 DEBUG 'ansible_navigator.main' EDITOR environment variable not set
2025-09-21T23:39:54.171296+00:00 DEBUG 'ansible_navigator.main' Default editor_command set to: vi +{line_number} {filename}
2025-09-21T23:39:54.171304+00:00 DEBUG 'ansible_navigator.main' No config file set by ANSIBLE_NAVIGATOR_CONFIG
2025-09-21T23:39:54.171311+00:00 DEBUG 'ansible_navigator.main' Looking in /root/.ansible-navigator
2025-09-21T23:39:54.171318+00:00 DEBUG 'ansible_navigator.main' Looking for '/root/.ansible-navigator.yml', '/root/.ansible-navigator.yaml' and '/root/.ansible-navigator.json'
2025-09-21T23:39:54.171326+00:00 DEBUG 'ansible_navigator.main' Found 0: 
2025-09-21T23:39:54.171334+00:00 DEBUG 'ansible_navigator.main' Looking in /root/openshift-aap-deploys/ansible-navigator
2025-09-21T23:39:54.171341+00:00 DEBUG 'ansible_navigator.main' Looking for '/root/openshift-aap-deploys/ansible-navigator.yml', '/root/openshift-aap-deploys/ansible-navigator.yaml' and '/root/openshift-aap-deploys/ansible-navigator.json'
2025-09-21T23:39:54.171349+00:00 DEBUG 'ansible_navigator.main' Found 0: 
2025-09-21T23:39:54.171356+00:00 DEBUG 'ansible_navigator.main' All found 0: 
2025-09-21T23:39:54.171364+00:00 DEBUG 'ansible_navigator.main' Using: None
2025-09-21T23:39:54.171371+00:00 DEBUG 'ansible_navigator.main' No valid settings file found, using all default values for settings.
2025-09-21T23:39:54.171378+00:00 DEBUG 'ansible_navigator.main' Command provided: 'new-project.yaml'
2025-09-21T23:39:54.171388+00:00 WARNING 'ansible_navigator.main' Configuration errors encountered, rolling back to previous configuration.
2025-09-21T23:39:54.171396+00:00 DEBUG 'ansible_navigator.main' Prior to rollback: ansible_runner_artifact_dir = 'Not set' (Constants/Not set)
2025-09-21T23:39:54.171403+00:00 DEBUG 'ansible_navigator.main' Prior to rollback: ansible_runner_rotate_artifacts_count = 'Not set' (Constants/Not set)
2025-09-21T23:39:54.171410+00:00 DEBUG 'ansible_navigator.main' Prior to rollback: ansible_runner_timeout = 'Not set' (Constants/Not set)
2025-09-21T23:39:54.171418+00:00 DEBUG 'ansible_navigator.main' Prior to rollback: ansible_runner_write_job_events = 'False' (bool/Defaults)
2025-09-21T23:39:54.171425+00:00 DEBUG 'ansible_navigator.main' Prior to rollback: app = 'welcome' (str/Defaults)
2025-09-21T23:39:54.171433+00:00 DEBUG 'ansible_navigator.main' Prior to rollback: cmdline = '['new-project.yaml']' (list/Command line)
2025-09-21T23:39:54.171440+00:00 DEBUG 'ansible_navigator.main' Prior to rollback: collection_doc_cache_path = '/root/.cache/ansible-navigator/collection_doc_cache.db' (str/Defaults)
2025-09-21T23:39:54.171448+00:00 DEBUG 'ansible_navigator.main' Prior to rollback: config = 'Not set' (Constants/Not set)
2025-09-21T23:39:54.171455+00:00 DEBUG 'ansible_navigator.main' Prior to rollback: container_engine = 'auto' (str/Defaults)
2025-09-21T23:39:54.171462+00:00 DEBUG 'ansible_navigator.main' Prior to rollback: container_options = 'Not set' (Constants/Not set)
2025-09-21T23:39:54.171470+00:00 DEBUG 'ansible_navigator.main' Prior to rollback: display_color = 'True' (bool/Defaults)
2025-09-21T23:39:54.171477+00:00 DEBUG 'ansible_navigator.main' Prior to rollback: editor_command = 'vi +{line_number} {filename}' (str/Defaults)
2025-09-21T23:39:54.171485+00:00 DEBUG 'ansible_navigator.main' Prior to rollback: editor_console = 'True' (bool/Defaults)
2025-09-21T23:39:54.171492+00:00 DEBUG 'ansible_navigator.main' Prior to rollback: enable_prompts = 'False' (bool/Defaults)
2025-09-21T23:39:54.171499+00:00 DEBUG 'ansible_navigator.main' Prior to rollback: exec_command = '/bin/bash' (str/Defaults)
2025-09-21T23:39:54.171506+00:00 DEBUG 'ansible_navigator.main' Prior to rollback: exec_shell = 'True' (bool/Defaults)
2025-09-21T23:39:54.171515+00:00 DEBUG 'ansible_navigator.main' Prior to rollback: execution_environment = 'True' (bool/Defaults)
2025-09-21T23:39:54.171522+00:00 DEBUG 'ansible_navigator.main' Prior to rollback: execution_environment_image = 'ghcr.io/ansible/community-ansible-dev-tools:latest' (str/Defaults)
2025-09-21T23:39:54.171529+00:00 DEBUG 'ansible_navigator.main' Prior to rollback: execution_environment_volume_mounts = 'Not set' (Constants/Not set)
2025-09-21T23:39:54.171536+00:00 DEBUG 'ansible_navigator.main' Prior to rollback: format = 'yaml' (str/Defaults)
2025-09-21T23:39:54.171544+00:00 DEBUG 'ansible_navigator.main' Prior to rollback: help_builder = 'False' (bool/Defaults)
2025-09-21T23:39:54.171551+00:00 DEBUG 'ansible_navigator.main' Prior to rollback: help_config = 'False' (bool/Defaults)
2025-09-21T23:39:54.171559+00:00 DEBUG 'ansible_navigator.main' Prior to rollback: help_doc = 'False' (bool/Defaults)
2025-09-21T23:39:54.171566+00:00 DEBUG 'ansible_navigator.main' Prior to rollback: help_inventory = 'False' (bool/Defaults)
2025-09-21T23:39:54.171573+00:00 DEBUG 'ansible_navigator.main' Prior to rollback: help_playbook = 'False' (bool/Defaults)
2025-09-21T23:39:54.171580+00:00 DEBUG 'ansible_navigator.main' Prior to rollback: images_details = '['everything']' (list/Defaults)
2025-09-21T23:39:54.171588+00:00 DEBUG 'ansible_navigator.main' Prior to rollback: inventory = 'Not set' (Constants/Not set)
2025-09-21T23:39:54.171595+00:00 DEBUG 'ansible_navigator.main' Prior to rollback: inventory_column = 'Not set' (Constants/Not set)
2025-09-21T23:39:54.171602+00:00 DEBUG 'ansible_navigator.main' Prior to rollback: lint_config = 'Not set' (Constants/Not set)
2025-09-21T23:39:54.171610+00:00 DEBUG 'ansible_navigator.main' Prior to rollback: lintables = 'Not set' (Constants/Not set)
2025-09-21T23:39:54.171617+00:00 DEBUG 'ansible_navigator.main' Prior to rollback: log_append = 'True' (bool/Defaults)
2025-09-21T23:39:54.171625+00:00 DEBUG 'ansible_navigator.main' Prior to rollback: log_file = '/root/openshift-aap-deploys/ansible-navigator.log' (str/Defaults)
2025-09-21T23:39:54.171642+00:00 DEBUG 'ansible_navigator.main' Prior to rollback: log_level = 'warning' (str/Defaults)
2025-09-21T23:39:54.171654+00:00 DEBUG 'ansible_navigator.main' Prior to rollback: mode = 'interactive' (str/Defaults)
2025-09-21T23:39:54.171661+00:00 DEBUG 'ansible_navigator.main' Prior to rollback: osc4 = 'True' (bool/Defaults)
2025-09-21T23:39:54.171669+00:00 DEBUG 'ansible_navigator.main' Prior to rollback: pass_environment_variable = 'Not set' (Constants/Not set)
2025-09-21T23:39:54.171676+00:00 DEBUG 'ansible_navigator.main' Prior to rollback: playbook = 'Not set' (Constants/Not set)
2025-09-21T23:39:54.171683+00:00 DEBUG 'ansible_navigator.main' Prior to rollback: playbook_artifact_enable = 'True' (bool/Defaults)
2025-09-21T23:39:54.171690+00:00 DEBUG 'ansible_navigator.main' Prior to rollback: playbook_artifact_replay = 'Not set' (Constants/Not set)
2025-09-21T23:39:54.171698+00:00 DEBUG 'ansible_navigator.main' Prior to rollback: playbook_artifact_save_as = '{playbook_dir}/{playbook_name}-artifact-{time_stamp}.json' (str/Defaults)
2025-09-21T23:39:54.171705+00:00 DEBUG 'ansible_navigator.main' Prior to rollback: plugin_name = 'Not set' (Constants/Not set)
2025-09-21T23:39:54.171713+00:00 DEBUG 'ansible_navigator.main' Prior to rollback: plugin_type = 'module' (str/Defaults)
2025-09-21T23:39:54.171720+00:00 DEBUG 'ansible_navigator.main' Prior to rollback: pull_arguments = 'Not set' (Constants/Not set)
2025-09-21T23:39:54.171728+00:00 DEBUG 'ansible_navigator.main' Prior to rollback: pull_policy = 'tag' (str/Defaults)
2025-09-21T23:39:54.171736+00:00 DEBUG 'ansible_navigator.main' Prior to rollback: set_environment_variable = 'Not set' (Constants/Not set)
2025-09-21T23:39:54.171743+00:00 DEBUG 'ansible_navigator.main' Prior to rollback: settings_effective = 'False' (bool/Defaults)
2025-09-21T23:39:54.171752+00:00 DEBUG 'ansible_navigator.main' Prior to rollback: settings_sample = 'False' (bool/Defaults)
2025-09-21T23:39:54.171759+00:00 DEBUG 'ansible_navigator.main' Prior to rollback: settings_schema = 'json' (str/Defaults)
2025-09-21T23:39:54.171767+00:00 DEBUG 'ansible_navigator.main' Prior to rollback: settings_sources = 'False' (bool/Defaults)
2025-09-21T23:39:54.171775+00:00 DEBUG 'ansible_navigator.main' Prior to rollback: time_zone = 'UTC' (str/Defaults)
2025-09-21T23:39:54.171782+00:00 DEBUG 'ansible_navigator.main' Prior to rollback: workdir = '/root/openshift-aap-deploys' (str/Defaults)
2025-09-21T23:39:54.171790+00:00 DEBUG 'ansible_navigator.main' After rollback: ansible_runner_artifact_dir = 'Not set' (Constants/Not set)
2025-09-21T23:39:54.171797+00:00 DEBUG 'ansible_navigator.main' After rollback: ansible_runner_rotate_artifacts_count = 'Not set' (Constants/Not set)
2025-09-21T23:39:54.171805+00:00 DEBUG 'ansible_navigator.main' After rollback: ansible_runner_timeout = 'Not set' (Constants/Not set)
2025-09-21T23:39:54.171812+00:00 DEBUG 'ansible_navigator.main' After rollback: ansible_runner_write_job_events = 'Not set' (Constants/Not set)
2025-09-21T23:39:54.171819+00:00 DEBUG 'ansible_navigator.main' After rollback: app = 'Not set' (Constants/Not set)
2025-09-21T23:39:54.171827+00:00 DEBUG 'ansible_navigator.main' After rollback: cmdline = 'Not set' (Constants/Not set)
2025-09-21T23:39:54.171834+00:00 DEBUG 'ansible_navigator.main' After rollback: collection_doc_cache_path = 'Not set' (Constants/Not set)
2025-09-21T23:39:54.171842+00:00 DEBUG 'ansible_navigator.main' After rollback: config = 'Not set' (Constants/Not set)
2025-09-21T23:39:54.171849+00:00 DEBUG 'ansible_navigator.main' After rollback: container_engine = 'Not set' (Constants/Not set)
2025-09-21T23:39:54.171857+00:00 DEBUG 'ansible_navigator.main' After rollback: container_options = 'Not set' (Constants/Not set)
2025-09-21T23:39:54.171864+00:00 DEBUG 'ansible_navigator.main' After rollback: display_color = 'Not set' (Constants/Not set)
2025-09-21T23:39:54.171871+00:00 DEBUG 'ansible_navigator.main' After rollback: editor_command = 'Not set' (Constants/Not set)
2025-09-21T23:39:54.171878+00:00 DEBUG 'ansible_navigator.main' After rollback: editor_console = 'Not set' (Constants/Not set)
2025-09-21T23:39:54.171885+00:00 DEBUG 'ansible_navigator.main' After rollback: enable_prompts = 'Not set' (Constants/Not set)
2025-09-21T23:39:54.171893+00:00 DEBUG 'ansible_navigator.main' After rollback: exec_command = 'Not set' (Constants/Not set)
2025-09-21T23:39:54.171900+00:00 DEBUG 'ansible_navigator.main' After rollback: exec_shell = 'Not set' (Constants/Not set)
2025-09-21T23:39:54.171907+00:00 DEBUG 'ansible_navigator.main' After rollback: execution_environment = 'Not set' (Constants/Not set)
2025-09-21T23:39:54.171914+00:00 DEBUG 'ansible_navigator.main' After rollback: execution_environment_image = 'Not set' (Constants/Not set)
2025-09-21T23:39:54.171921+00:00 DEBUG 'ansible_navigator.main' After rollback: execution_environment_volume_mounts = 'Not set' (Constants/Not set)
2025-09-21T23:39:54.171929+00:00 DEBUG 'ansible_navigator.main' After rollback: format = 'Not set' (Constants/Not set)
2025-09-21T23:39:54.171936+00:00 DEBUG 'ansible_navigator.main' After rollback: help_builder = 'Not set' (Constants/Not set)
2025-09-21T23:39:54.171943+00:00 DEBUG 'ansible_navigator.main' After rollback: help_config = 'Not set' (Constants/Not set)
2025-09-21T23:39:54.171950+00:00 DEBUG 'ansible_navigator.main' After rollback: help_doc = 'Not set' (Constants/Not set)
2025-09-21T23:39:54.171957+00:00 DEBUG 'ansible_navigator.main' After rollback: help_inventory = 'Not set' (Constants/Not set)
2025-09-21T23:39:54.171965+00:00 DEBUG 'ansible_navigator.main' After rollback: help_playbook = 'Not set' (Constants/Not set)
2025-09-21T23:39:54.171972+00:00 DEBUG 'ansible_navigator.main' After rollback: images_details = 'Not set' (Constants/Not set)
2025-09-21T23:39:54.171979+00:00 DEBUG 'ansible_navigator.main' After rollback: inventory = 'Not set' (Constants/Not set)
2025-09-21T23:39:54.171987+00:00 DEBUG 'ansible_navigator.main' After rollback: inventory_column = 'Not set' (Constants/Not set)
2025-09-21T23:39:54.171995+00:00 DEBUG 'ansible_navigator.main' After rollback: lint_config = 'Not set' (Constants/Not set)
2025-09-21T23:39:54.172002+00:00 DEBUG 'ansible_navigator.main' After rollback: lintables = 'Not set' (Constants/Not set)
2025-09-21T23:39:54.172010+00:00 DEBUG 'ansible_navigator.main' After rollback: log_append = 'Not set' (Constants/Not set)
2025-09-21T23:39:54.172017+00:00 DEBUG 'ansible_navigator.main' After rollback: log_file = 'Not set' (Constants/Not set)
2025-09-21T23:39:54.172024+00:00 DEBUG 'ansible_navigator.main' After rollback: log_level = 'Not set' (Constants/Not set)
2025-09-21T23:39:54.172031+00:00 DEBUG 'ansible_navigator.main' After rollback: mode = 'Not set' (Constants/Not set)
2025-09-21T23:39:54.172039+00:00 DEBUG 'ansible_navigator.main' After rollback: osc4 = 'Not set' (Constants/Not set)
2025-09-21T23:39:54.172046+00:00 DEBUG 'ansible_navigator.main' After rollback: pass_environment_variable = 'Not set' (Constants/Not set)
2025-09-21T23:39:54.172054+00:00 DEBUG 'ansible_navigator.main' After rollback: playbook = 'Not set' (Constants/Not set)
2025-09-21T23:39:54.172066+00:00 DEBUG 'ansible_navigator.main' After rollback: playbook_artifact_enable = 'Not set' (Constants/Not set)
2025-09-21T23:39:54.172075+00:00 DEBUG 'ansible_navigator.main' After rollback: playbook_artifact_replay = 'Not set' (Constants/Not set)
2025-09-21T23:39:54.172082+00:00 DEBUG 'ansible_navigator.main' After rollback: playbook_artifact_save_as = 'Not set' (Constants/Not set)
2025-09-21T23:39:54.172090+00:00 DEBUG 'ansible_navigator.main' After rollback: plugin_name = 'Not set' (Constants/Not set)
2025-09-21T23:39:54.172096+00:00 DEBUG 'ansible_navigator.main' After rollback: plugin_type = 'Not set' (Constants/Not set)
2025-09-21T23:39:54.172104+00:00 DEBUG 'ansible_navigator.main' After rollback: pull_arguments = 'Not set' (Constants/Not set)
2025-09-21T23:39:54.172111+00:00 DEBUG 'ansible_navigator.main' After rollback: pull_policy = 'Not set' (Constants/Not set)
2025-09-21T23:39:54.172118+00:00 DEBUG 'ansible_navigator.main' After rollback: set_environment_variable = 'Not set' (Constants/Not set)
2025-09-21T23:39:54.172126+00:00 DEBUG 'ansible_navigator.main' After rollback: settings_effective = 'Not set' (Constants/Not set)
2025-09-21T23:39:54.172133+00:00 DEBUG 'ansible_navigator.main' After rollback: settings_sample = 'Not set' (Constants/Not set)
2025-09-21T23:39:54.172140+00:00 DEBUG 'ansible_navigator.main' After rollback: settings_schema = 'Not set' (Constants/Not set)
2025-09-21T23:39:54.172148+00:00 DEBUG 'ansible_navigator.main' After rollback: settings_sources = 'Not set' (Constants/Not set)
2025-09-21T23:39:54.172155+00:00 DEBUG 'ansible_navigator.main' After rollback: time_zone = 'Not set' (Constants/Not set)
2025-09-21T23:39:54.172164+00:00 DEBUG 'ansible_navigator.main' After rollback: workdir = 'Not set' (Constants/Not set)
2025-09-21T23:39:54.172172+00:00 DEBUG 'ansible_navigator.main' Configuration rollback complete.
2025-09-21T23:39:54.172179+00:00 DEBUG 'ansible_navigator.main' Collection doc cache not mounted
2025-09-21T23:39:54.172194+00:00 WARNING 'ansible_navigator.main' Issues were found while applying the settings.
2025-09-21T23:39:54.172205+00:00 INFO 'ansible_navigator.main' Command provided: 'new-project.yaml'
2025-09-21T23:39:54.172216+00:00 ERROR 'ansible_navigator.main' argument {subcommand} --help: invalid choice: 'new-project.yaml' (choose from 'builder', 'collections', 'config', 'doc', 'exec', 'images', 'inventory', 'lint', 'replay', 'run', 'settings', 'welcome')
2025-09-21T23:39:54.172225+00:00 INFO 'ansible_navigator.main' Configuration failed, using default log file location. (/root/openshift-aap-deploys/ansible-navigator.log) Log level set to debug
2025-09-21T23:39:54.172235+00:00 INFO 'ansible_navigator.main' Review the hints and log file to see what went wrong.
2025-09-21T23:40:00.822113+00:00 WARNING 'ansible_navigator.image_manager.puller._log_message' Image inspection failed, image assumed to be corrupted or missing
2025-09-21T23:40:00.822287+00:00 WARNING 'ansible_navigator.image_manager.puller._log_message' stdout: []

2025-09-21T23:40:00.822320+00:00 WARNING 'ansible_navigator.image_manager.puller._log_message' stderr: Error: ghcr.io/ansible/community-ansible-dev-tools:latest: image not known

2025-09-21T23:45:54.521044+00:00 CRITICAL 'ansible_navigator.actions.run_fd17._handle_message' Unhandled message from runner queue, discarded: {'event': 'verbose', 'uuid': '74686415-770c-4f4b-8541-1b5de29310f4', 'counter': 1, 'stdout': '\x1b[1;35m[WARNING]: Unable to parse /root/openshift-aap-deploys/inventory as an\x1b[0m', 'start_line': 0, 'end_line': 1, 'runner_ident': 'd3027328-0bfe-4795-a562-4bad43e33cbd', 'created': '2025-09-21T23:45:54.520751+00:00'}
2025-09-21T23:45:54.521736+00:00 CRITICAL 'ansible_navigator.actions.run_fd17._handle_message' Unhandled message from runner queue, discarded: {'event': 'verbose', 'uuid': '5860e1d4-3ed3-4855-985a-c83697048d49', 'counter': 2, 'stdout': '\x1b[1;35minventory source\x1b[0m', 'start_line': 1, 'end_line': 2, 'runner_ident': 'd3027328-0bfe-4795-a562-4bad43e33cbd', 'created': '2025-09-21T23:45:54.520894+00:00'}
2025-09-21T23:45:54.521793+00:00 CRITICAL 'ansible_navigator.actions.run_fd17._handle_message' Unhandled message from runner queue, discarded: {'event': 'verbose', 'uuid': 'd5f7b50a-bf7c-45cc-8d63-73d529eacf2a', 'counter': 3, 'stdout': '\x1b[1;35m[WARNING]: No inventory was parsed, only implicit localhost is available\x1b[0m', 'start_line': 2, 'end_line': 3, 'runner_ident': 'd3027328-0bfe-4795-a562-4bad43e33cbd', 'created': '2025-09-21T23:45:54.520928+00:00'}
2025-09-21T23:45:54.521823+00:00 CRITICAL 'ansible_navigator.actions.run_fd17._handle_message' Unhandled message from runner queue, discarded: {'event': 'verbose', 'uuid': 'd3c3bcc8-a378-4098-9325-7c5f0f4260f2', 'counter': 4, 'stdout': '\x1b[1;35m[WARNING]: provided hosts list is empty, only localhost is available. Note that\x1b[0m', 'start_line': 3, 'end_line': 4, 'runner_ident': 'd3027328-0bfe-4795-a562-4bad43e33cbd', 'created': '2025-09-21T23:45:54.521226+00:00'}
2025-09-21T23:45:54.521860+00:00 CRITICAL 'ansible_navigator.actions.run_fd17._handle_message' Unhandled message from runner queue, discarded: {'event': 'verbose', 'uuid': '52263489-c5f5-4f69-add5-826c81c54c55', 'counter': 5, 'stdout': "\x1b[1;35mthe implicit localhost does not match 'all'\x1b[0m", 'start_line': 4, 'end_line': 5, 'runner_ident': 'd3027328-0bfe-4795-a562-4bad43e33cbd', 'created': '2025-09-21T23:45:54.521265+00:00'}
2025-09-21T23:45:54.624704+00:00 CRITICAL 'ansible_navigator.actions.run_fd17._handle_message' Unhandled message from runner queue, discarded: {'event': 'verbose', 'uuid': '0b474ca2-e020-40f9-8df2-346c515514a8', 'counter': 6, 'stdout': "\x1b[0;31mERROR! couldn't resolve module/action 'k8s'. This often indicates a misspelling, missing collection, or incorrect module path.\x1b[0m", 'start_line': 5, 'end_line': 6, 'runner_ident': 'd3027328-0bfe-4795-a562-4bad43e33cbd', 'created': '2025-09-21T23:45:54.557397+00:00'}
2025-09-21T23:45:54.624797+00:00 CRITICAL 'ansible_navigator.actions.run_fd17._handle_message' Unhandled message from runner queue, discarded: {'event': 'verbose', 'uuid': '90f14a52-34c7-4611-a5c9-e32b5de50514', 'counter': 7, 'stdout': '\x1b[0;31m\x1b[0m', 'start_line': 6, 'end_line': 7, 'runner_ident': 'd3027328-0bfe-4795-a562-4bad43e33cbd', 'created': '2025-09-21T23:45:54.557700+00:00'}
2025-09-21T23:45:54.624849+00:00 CRITICAL 'ansible_navigator.actions.run_fd17._handle_message' Unhandled message from runner queue, discarded: {'event': 'verbose', 'uuid': '1bbf6b08-5086-4a55-87ff-6cb0c7603b60', 'counter': 8, 'stdout': "\x1b[0;31mThe error appears to be in '/root/openshift-aap-deploys/new-project.yaml': line 13, column 7, but may\x1b[0m", 'start_line': 7, 'end_line': 8, 'runner_ident': 'd3027328-0bfe-4795-a562-4bad43e33cbd', 'created': '2025-09-21T23:45:54.557743+00:00'}
2025-09-21T23:45:54.624875+00:00 CRITICAL 'ansible_navigator.actions.run_fd17._handle_message' Unhandled message from runner queue, discarded: {'event': 'verbose', 'uuid': '61cf8937-fd27-466b-9fbe-72abef9b22eb', 'counter': 9, 'stdout': '\x1b[0;31mbe elsewhere in the file depending on the exact syntax problem.\x1b[0m', 'start_line': 8, 'end_line': 9, 'runner_ident': 'd3027328-0bfe-4795-a562-4bad43e33cbd', 'created': '2025-09-21T23:45:54.557971+00:00'}
2025-09-21T23:45:54.624904+00:00 CRITICAL 'ansible_navigator.actions.run_fd17._handle_message' Unhandled message from runner queue, discarded: {'event': 'verbose', 'uuid': 'e2939872-259b-40ee-b6ed-8822ffb82155', 'counter': 10, 'stdout': '\x1b[0;31m\x1b[0m', 'start_line': 9, 'end_line': 10, 'runner_ident': 'd3027328-0bfe-4795-a562-4bad43e33cbd', 'created': '2025-09-21T23:45:54.557998+00:00'}
2025-09-21T23:45:54.624933+00:00 CRITICAL 'ansible_navigator.actions.run_fd17._handle_message' Unhandled message from runner queue, discarded: {'event': 'verbose', 'uuid': 'baec6b4f-90bf-424d-a0c2-08cb51e673e6', 'counter': 11, 'stdout': '\x1b[0;31mThe offending line appears to be:\x1b[0m', 'start_line': 10, 'end_line': 11, 'runner_ident': 'd3027328-0bfe-4795-a562-4bad43e33cbd', 'created': '2025-09-21T23:45:54.558228+00:00'}
2025-09-21T23:45:54.624951+00:00 CRITICAL 'ansible_navigator.actions.run_fd17._handle_message' Unhandled message from runner queue, discarded: {'event': 'verbose', 'uuid': 'e4f176fd-0ec7-4411-bfa5-bc1eeeb9a299', 'counter': 12, 'stdout': '\x1b[0;31m\x1b[0m', 'start_line': 11, 'end_line': 12, 'runner_ident': 'd3027328-0bfe-4795-a562-4bad43e33cbd', 'created': '2025-09-21T23:45:54.558255+00:00'}
2025-09-21T23:45:54.624967+00:00 CRITICAL 'ansible_navigator.actions.run_fd17._handle_message' Unhandled message from runner queue, discarded: {'event': 'verbose', 'uuid': '12ee6600-d40c-458d-89ee-bfdaea5d3174', 'counter': 13, 'stdout': '\x1b[0;31m\x1b[0m', 'start_line': 12, 'end_line': 13, 'runner_ident': 'd3027328-0bfe-4795-a562-4bad43e33cbd', 'created': '2025-09-21T23:45:54.558274+00:00'}
2025-09-21T23:45:54.624984+00:00 CRITICAL 'ansible_navigator.actions.run_fd17._handle_message' Unhandled message from runner queue, discarded: {'event': 'verbose', 'uuid': 'be0b2f46-2c61-494c-9f6e-d9f37e64d459', 'counter': 14, 'stdout': '\x1b[0;31m    - name: Create a new project/namespace\x1b[0m', 'start_line': 13, 'end_line': 14, 'runner_ident': 'd3027328-0bfe-4795-a562-4bad43e33cbd', 'created': '2025-09-21T23:45:54.558490+00:00'}
2025-09-21T23:45:54.625001+00:00 CRITICAL 'ansible_navigator.actions.run_fd17._handle_message' Unhandled message from runner queue, discarded: {'event': 'verbose', 'uuid': 'e7dc48ee-a5b4-4460-a846-d29f8218d236', 'counter': 15, 'stdout': '\x1b[0;31m      ^ here\x1b[0m', 'start_line': 14, 'end_line': 15, 'runner_ident': 'd3027328-0bfe-4795-a562-4bad43e33cbd', 'created': '2025-09-21T23:45:54.558519+00:00'}
2025-09-21T23:48:48.659055+00:00 WARNING 'ansible_navigator.run' Dirty exit, killing the pid
